/WorkDir4/yanzeqin/220823_A00403_0863_AHMNGLDSX3/Script/AP-data/allele/trees/CTR_MGH_7_tree.nwk
CTR_MGH_7_tree.nwk
CTR_MGH_7_tree
(1, 'trees')
node_ranking: inferring ancestral fitness... done in  5.52 s
node_ranking: calculating alternative rankings... done in  0.09 s
/WorkDir4/yanzeqin/220823_A00403_0863_AHMNGLDSX3/Script/AP-data/allele/trees/NMI_MGH_6_tree.nwk
NMI_MGH_6_tree.nwk
NMI_MGH_6_tree
(1, 'trees')
node_ranking: inferring ancestral fitness... done in  1.23 s
node_ranking: calculating alternative rankings... done in  0.01 s
/WorkDir4/yanzeqin/220823_A00403_0863_AHMNGLDSX3/Script/AP-data/allele/trees/Met_MGH_2_tree.nwk
Met_MGH_2_tree.nwk
Met_MGH_2_tree
(1, 'trees')
node_ranking: inferring ancestral fitness... done in  16.03 s
node_ranking: calculating alternative rankings... done in  0.06 s
/WorkDir4/yanzeqin/220823_A00403_0863_AHMNGLDSX3/Script/AP-data/allele/trees/CTR_MGH_10_tree.nwk
CTR_MGH_10_tree.nwk
CTR_MGH_10_tree
(1, 'trees')
node_ranking: inferring ancestral fitness... done in  3.19 s
node_ranking: calculating alternative rankings... done in  0.01 s
/WorkDir4/yanzeqin/220823_A00403_0863_AHMNGLDSX3/Script/AP-data/allele/trees/NMI_MGH_3_tree.nwk
NMI_MGH_3_tree.nwk
NMI_MGH_3_tree
(1, 'trees')
node_ranking: inferring ancestral fitness... done in  0.87 s
node_ranking: calculating alternative rankings... done in  0.01 s
/WorkDir4/yanzeqin/220823_A00403_0863_AHMNGLDSX3/Script/AP-data/allele/trees/CTR_MGH_3_tree.nwk
CTR_MGH_3_tree.nwk
CTR_MGH_3_tree
(1, 'trees')
node_ranking: inferring ancestral fitness... done in  8.45 s
node_ranking: calculating alternative rankings... done in  0.19 s
/WorkDir4/yanzeqin/220823_A00403_0863_AHMNGLDSX3/Script/AP-data/allele/trees/CTR_RT_0_tree.nwk
CTR_RT_0_tree.nwk
CTR_RT_0_tree
(1, 'trees')
node_ranking: inferring ancestral fitness... done in  1.38 s
node_ranking: calculating alternative rankings... done in  0.0 s
/WorkDir4/yanzeqin/220823_A00403_0863_AHMNGLDSX3/Script/AP-data/allele/trees/MI_MGH_0_tree.nwk
MI_MGH_0_tree.nwk
MI_MGH_0_tree
(1, 'trees')
node_ranking: inferring ancestral fitness... done in  1.76 s
node_ranking: calculating alternative rankings... done in  0.02 s
/WorkDir4/yanzeqin/220823_A00403_0863_AHMNGLDSX3/Script/AP-data/allele/trees/CTR_MGH_4_tree.nwk
CTR_MGH_4_tree.nwk
CTR_MGH_4_tree
(1, 'trees')
node_ranking: inferring ancestral fitness... done in  9.86 s
node_ranking: calculating alternative rankings... done in  0.17 s
/WorkDir4/yanzeqin/220823_A00403_0863_AHMNGLDSX3/Script/AP-data/allele/trees/MI_MGH_1_tree.nwk
MI_MGH_1_tree.nwk
MI_MGH_1_tree
(1, 'trees')
node_ranking: inferring ancestral fitness... done in  268.9 s
node_ranking: calculating alternative rankings... done in  0.89 s
/WorkDir4/yanzeqin/220823_A00403_0863_AHMNGLDSX3/Script/AP-data/allele/trees/NMI_MGH_0_tree.nwk
NMI_MGH_0_tree.nwk
NMI_MGH_0_tree
(1, 'trees')
node_ranking: inferring ancestral fitness... done in  0.58 s
node_ranking: calculating alternative rankings... done in  0.0 s
/WorkDir4/yanzeqin/220823_A00403_0863_AHMNGLDSX3/Script/AP-data/allele/trees/MI_MGH_2_tree.nwk
MI_MGH_2_tree.nwk
MI_MGH_2_tree
(1, 'trees')
node_ranking: inferring ancestral fitness... done in  3.89 s
node_ranking: calculating alternative rankings... done in  0.1 s
/WorkDir4/yanzeqin/220823_A00403_0863_AHMNGLDSX3/Script/AP-data/allele/trees/Met_MGH_3_tree.nwk
Met_MGH_3_tree.nwk
Met_MGH_3_tree
(1, 'trees')
node_ranking: inferring ancestral fitness... done in  0.45 s
node_ranking: calculating alternative rankings... done in  0.0 s
/WorkDir4/yanzeqin/220823_A00403_0863_AHMNGLDSX3/Script/AP-data/allele/trees/NMI_MGH_5_tree.nwk
NMI_MGH_5_tree.nwk
NMI_MGH_5_tree
(1, 'trees')
node_ranking: inferring ancestral fitness... done in  1.7 s
node_ranking: calculating alternative rankings... done in  0.03 s
/WorkDir4/yanzeqin/220823_A00403_0863_AHMNGLDSX3/Script/AP-data/allele/trees/CTR_MGH_5_tree.nwk
CTR_MGH_5_tree.nwk
CTR_MGH_5_tree
(1, 'trees')
node_ranking: inferring ancestral fitness... done in  4.23 s
node_ranking: calculating alternative rankings... done in  0.07 s
/WorkDir4/yanzeqin/220823_A00403_0863_AHMNGLDSX3/Script/AP-data/allele/trees/CTR_MGH_9_tree.nwk
CTR_MGH_9_tree.nwk
CTR_MGH_9_tree
(1, 'trees')
node_ranking: inferring ancestral fitness... done in  4.87 s
node_ranking: calculating alternative rankings... done in  0.04 s
/WorkDir4/yanzeqin/220823_A00403_0863_AHMNGLDSX3/Script/AP-data/allele/trees/NMI_MGH_4_tree.nwk
NMI_MGH_4_tree.nwk
NMI_MGH_4_tree
(1, 'trees')
node_ranking: inferring ancestral fitness... done in  1.72 s
node_ranking: calculating alternative rankings... done in  0.02 s
/WorkDir4/yanzeqin/220823_A00403_0863_AHMNGLDSX3/Script/AP-data/allele/trees/CTR_MGH_6_tree.nwk
CTR_MGH_6_tree.nwk
CTR_MGH_6_tree
(1, 'trees')
node_ranking: inferring ancestral fitness... done in  6.97 s
node_ranking: calculating alternative rankings... done in  0.06 s
/WorkDir4/yanzeqin/220823_A00403_0863_AHMNGLDSX3/Script/AP-data/allele/trees/MI_MGH_3_tree.nwk
MI_MGH_3_tree.nwk
MI_MGH_3_tree
(1, 'trees')
node_ranking: inferring ancestral fitness... done in  1.21 s
node_ranking: calculating alternative rankings... done in  0.01 s
/WorkDir4/yanzeqin/220823_A00403_0863_AHMNGLDSX3/Script/AP-data/allele/trees/CTR_MGH_0_tree.nwk
CTR_MGH_0_tree.nwk
CTR_MGH_0_tree
(1, 'trees')
node_ranking: inferring ancestral fitness... done in  4.67 s
node_ranking: calculating alternative rankings... done in  0.04 s
/WorkDir4/yanzeqin/220823_A00403_0863_AHMNGLDSX3/Script/AP-data/allele/trees/CTR_MGH_2_tree.nwk
CTR_MGH_2_tree.nwk
CTR_MGH_2_tree
(1, 'trees')
node_ranking: inferring ancestral fitness... done in  28.64 s
node_ranking: calculating alternative rankings... done in  2.1 s
/WorkDir4/yanzeqin/220823_A00403_0863_AHMNGLDSX3/Script/AP-data/allele/trees/CTR_MGH_8_tree.nwk
CTR_MGH_8_tree.nwk
CTR_MGH_8_tree
(1, 'trees')
node_ranking: inferring ancestral fitness... done in  3.69 s
node_ranking: calculating alternative rankings... done in  0.05 s
/WorkDir4/yanzeqin/220823_A00403_0863_AHMNGLDSX3/Script/AP-data/allele/trees/Met_MGH_1_tree.nwk
Met_MGH_1_tree.nwk
Met_MGH_1_tree
(1, 'trees')
node_ranking: inferring ancestral fitness... done in  150.77 s
node_ranking: calculating alternative rankings... done in  0.38 s
/WorkDir4/yanzeqin/220823_A00403_0863_AHMNGLDSX3/Script/AP-data/allele/trees/CTR_MGH_11_tree.nwk
CTR_MGH_11_tree.nwk
CTR_MGH_11_tree
(1, 'trees')
node_ranking: inferring ancestral fitness... done in  2.16 s
node_ranking: calculating alternative rankings... done in  0.01 s
/WorkDir4/yanzeqin/220823_A00403_0863_AHMNGLDSX3/Script/AP-data/allele/trees/Met_MGH_0_tree.nwk
Met_MGH_0_tree.nwk
Met_MGH_0_tree
(1, 'trees')
node_ranking: inferring ancestral fitness... done in  1.09 s
node_ranking: calculating alternative rankings... done in  0.01 s
/WorkDir4/yanzeqin/220823_A00403_0863_AHMNGLDSX3/Script/AP-data/allele/trees/NMI_MGH_2_tree.nwk
NMI_MGH_2_tree.nwk
NMI_MGH_2_tree
(1, 'trees')
node_ranking: inferring ancestral fitness... done in  2.12 s
node_ranking: calculating alternative rankings... done in  0.04 s
/WorkDir4/yanzeqin/220823_A00403_0863_AHMNGLDSX3/Script/AP-data/allele/trees/CTR_MGH_1_tree.nwk
CTR_MGH_1_tree.nwk
CTR_MGH_1_tree
(1, 'trees')
node_ranking: inferring ancestral fitness... done in  47.23 s
node_ranking: calculating alternative rankings... done in  1.83 s
/WorkDir4/yanzeqin/220823_A00403_0863_AHMNGLDSX3/Script/AP-data/allele/trees/CTR_MGH_12_tree.nwk
CTR_MGH_12_tree.nwk
CTR_MGH_12_tree
(1, 'trees')
node_ranking: inferring ancestral fitness... done in  1.37 s
node_ranking: calculating alternative rankings... done in  0.02 s
/WorkDir4/yanzeqin/220823_A00403_0863_AHMNGLDSX3/Script/AP-data/allele/trees/CTR_RT_1_tree.nwk
CTR_RT_1_tree.nwk
CTR_RT_1_tree
(1, 'trees')
node_ranking: inferring ancestral fitness... done in  90.5 s
node_ranking: calculating alternative rankings... done in  2.31 s
